<html>
<head>
<title>TestNG:  Test</title>
<link href="../testng.css" rel="stylesheet" type="text/css" />
<link href="../my-testng.css" rel="stylesheet" type="text/css" />

<style type="text/css">
.log { display: none;} 
.stack-trace { display: none;} 
</style>
<script type="text/javascript">
<!--
function flip(e) {
  current = e.style.display;
  if (current == 'block') {
    e.style.display = 'none';
    return 0;
  }
  else {
    e.style.display = 'block';
    return 1;
  }
}

function toggleBox(szDivId, elem, msg1, msg2)
{
  var res = -1;  if (document.getElementById) {
    res = flip(document.getElementById(szDivId));
  }
  else if (document.all) {
    // this is the way old msie versions work
    res = flip(document.all[szDivId]);
  }
  if(elem) {
    if(res == 0) elem.innerHTML = msg1; else elem.innerHTML = msg2;
  }

}

function toggleAllBoxes() {
  if (document.getElementsByTagName) {
    d = document.getElementsByTagName('div');
    for (i = 0; i < d.length; i++) {
      if (d[i].className == 'log') {
        flip(d[i]);
      }
    }
  }
}

// -->
</script>

</head>
<body>
<h2 align='center'>Test</h2><table border='1' align="center">
<tr>
<td>Tests passed/Failed/Skipped:</td><td>4/1/0</td>
</tr><tr>
<td>Started on:</td><td>Tue Jan 03 15:26:43 IST 2023</td>
</tr>
<tr><td>Total time:</td><td>30 seconds (30240 ms)</td>
</tr><tr>
<td>Included groups:</td><td></td>
</tr><tr>
<td>Excluded groups:</td><td></td>
</tr>
</table><p/>
<small><i>(Hover the method name to see the test class name)</i></small><p/>
<table width='100%' border='1' class='invocation-failed'>
<tr><td colspan='4' align='center'><b>FAILED TESTS</b></td></tr>
<tr><td><b>Test method</b></td>
<td width="30%"><b>Exception</b></td>
<td width="10%"><b>Time (seconds)</b></td>
<td><b>Instance</b></td>
</tr>
<tr>
<td title='com.focus.testcases.DesignWorkFlowOptionsTest.checkCannotExceedTheBaseValueOptionOnEditing()'><b>checkCannotExceedTheBaseValueOptionOnEditing</b><br>Test class: com.focus.testcases.DesignWorkFlowOptionsTest<br/>
<a href="#Output-187150864" onClick='toggleBox("Output-187150864", this, "Show output", "Hide output");'>Show output</a>

<a href="#Output-187150864" onClick="toggleAllBoxes();">Show all outputs</a>
<div class='log' id="Output-187150864">
Completed executing following method : DesignWorkFlowOptionsTest.checkCannotExceedTheBaseValueOptionOnEditing<br/>
Test Method resides in com.focus.testcases.DesignWorkFlowOptionsTest<br/>
Test Status: Failed<br/>
About to begin executing following method : BaseEngine.afterMethodExecution<br/>
</div>
</td>
<td><div><pre>org.openqa.selenium.ElementClickInterceptedException: element click intercepted: Element is not clickable at point (145, 766)
  (Session info: chrome=108.0.5359.125)
Build info: version: &apos;3.12.0&apos;, revision: &apos;7c6e0b3&apos;, time: &apos;2018-05-08T14:04:26.12Z&apos;
System info: host: &apos;FOCUS-QA-133&apos;, ip: &apos;192.168.4.108&apos;, os.name: &apos;Windows 10&apos;, os.arch: &apos;amd64&apos;, os.version: &apos;10.0&apos;, java.version: &apos;1.8.0_111&apos;
Driver info: org.openqa.selenium.chrome.ChromeDriver
Capabilities {acceptInsecureCerts: false, browserName: chrome, browserVersion: 108.0.5359.125, chrome: {chromedriverVersion: 108.0.5359.71 (1e0e3868ee06..., userDataDir: C:\Users\Sanjeev\AppData\Lo...}, goog:chromeOptions: {debuggerAddress: localhost:64265}, javascriptEnabled: true, networkConnectionEnabled: false, pageLoadStrategy: normal, platform: WINDOWS, platformName: WINDOWS, proxy: Proxy(), setWindowRect: true, strictFileInteractability: false, timeouts: {implicit: 0, pageLoad: 300000, script: 30000}, unhandledPromptBehavior: dismiss and notify, webauthn:extension:credBlob: true, webauthn:extension:largeBlob: true, webauthn:virtualAuthenticators: true}
Session ID: 0149188bac5c557030b071d8ab64b375
	at org.openqa.selenium.remote.http.W3CHttpResponseCodec.createException(W3CHttpResponseCodec.java:187)
	at org.openqa.selenium.remote.http.W3CHttpResponseCodec.decode(W3CHttpResponseCodec.java:122)
	at org.openqa.selenium.remote.http.W3CHttpResponseCodec.decode(W3CHttpResponseCodec.java:49)
	at org.openqa.selenium.remote.HttpCommandExecutor.execute(HttpCommandExecutor.java:158)
	at org.openqa.selenium.remote.service.DriverCommandExecutor.execute(DriverCommandExecutor.java:83)
	at org.openqa.selenium.remote.RemoteWebDriver.execute(RemoteWebDriver.java:543)
	at org.openqa.selenium.remote.RemoteWebElement.execute(RemoteWebElement.java:276)
	at org.openqa.selenium.remote.RemoteWebElement.click(RemoteWebElement.java:83)
	at org.openqa.selenium.support.pagefactory.internal.LocatingElementHandler.invoke(LocatingElementHandler.java:51)
	at com.sun.proxy.$Proxy14.click(Unknown Source)
	at com.focus.Pages.DesignWorkFLowOptionsPage.checkCannotExceedTheBaseValueOptionOnEditing(DesignWorkFLowOptionsPage.java:19145)
	at com.focus.testcases.DesignWorkFlowOptionsTest.checkCannotExceedTheBaseValueOptionOnEditing(DesignWorkFlowOptionsTest.java:628)
... Removed 32 stack frames</pre></div><a href='#' onClick='toggleBox("stack-trace187150864", this, "Click to show all stack frames", "Click to hide stack frames")'>Click to show all stack frames</a>
<div class='stack-trace' id='stack-trace187150864'><pre>org.openqa.selenium.ElementClickInterceptedException: element click intercepted: Element is not clickable at point (145, 766)
  (Session info: chrome=108.0.5359.125)
Build info: version: &apos;3.12.0&apos;, revision: &apos;7c6e0b3&apos;, time: &apos;2018-05-08T14:04:26.12Z&apos;
System info: host: &apos;FOCUS-QA-133&apos;, ip: &apos;192.168.4.108&apos;, os.name: &apos;Windows 10&apos;, os.arch: &apos;amd64&apos;, os.version: &apos;10.0&apos;, java.version: &apos;1.8.0_111&apos;
Driver info: org.openqa.selenium.chrome.ChromeDriver
Capabilities {acceptInsecureCerts: false, browserName: chrome, browserVersion: 108.0.5359.125, chrome: {chromedriverVersion: 108.0.5359.71 (1e0e3868ee06..., userDataDir: C:\Users\Sanjeev\AppData\Lo...}, goog:chromeOptions: {debuggerAddress: localhost:64265}, javascriptEnabled: true, networkConnectionEnabled: false, pageLoadStrategy: normal, platform: WINDOWS, platformName: WINDOWS, proxy: Proxy(), setWindowRect: true, strictFileInteractability: false, timeouts: {implicit: 0, pageLoad: 300000, script: 30000}, unhandledPromptBehavior: dismiss and notify, webauthn:extension:credBlob: true, webauthn:extension:largeBlob: true, webauthn:virtualAuthenticators: true}
Session ID: 0149188bac5c557030b071d8ab64b375
	at sun.reflect.NativeConstructorAccessorImpl.newInstance0(Native Method)
	at sun.reflect.NativeConstructorAccessorImpl.newInstance(Unknown Source)
	at sun.reflect.DelegatingConstructorAccessorImpl.newInstance(Unknown Source)
	at java.lang.reflect.Constructor.newInstance(Unknown Source)
	at org.openqa.selenium.remote.http.W3CHttpResponseCodec.createException(W3CHttpResponseCodec.java:187)
	at org.openqa.selenium.remote.http.W3CHttpResponseCodec.decode(W3CHttpResponseCodec.java:122)
	at org.openqa.selenium.remote.http.W3CHttpResponseCodec.decode(W3CHttpResponseCodec.java:49)
	at org.openqa.selenium.remote.HttpCommandExecutor.execute(HttpCommandExecutor.java:158)
	at org.openqa.selenium.remote.service.DriverCommandExecutor.execute(DriverCommandExecutor.java:83)
	at org.openqa.selenium.remote.RemoteWebDriver.execute(RemoteWebDriver.java:543)
	at org.openqa.selenium.remote.RemoteWebElement.execute(RemoteWebElement.java:276)
	at org.openqa.selenium.remote.RemoteWebElement.click(RemoteWebElement.java:83)
	at sun.reflect.NativeMethodAccessorImpl.invoke0(Native Method)
	at sun.reflect.NativeMethodAccessorImpl.invoke(Unknown Source)
	at sun.reflect.DelegatingMethodAccessorImpl.invoke(Unknown Source)
	at java.lang.reflect.Method.invoke(Unknown Source)
	at org.openqa.selenium.support.pagefactory.internal.LocatingElementHandler.invoke(LocatingElementHandler.java:51)
	at com.sun.proxy.$Proxy14.click(Unknown Source)
	at com.focus.Pages.DesignWorkFLowOptionsPage.checkCannotExceedTheBaseValueOptionOnEditing(DesignWorkFLowOptionsPage.java:19145)
	at com.focus.testcases.DesignWorkFlowOptionsTest.checkCannotExceedTheBaseValueOptionOnEditing(DesignWorkFlowOptionsTest.java:628)
	at sun.reflect.NativeMethodAccessorImpl.invoke0(Native Method)
	at sun.reflect.NativeMethodAccessorImpl.invoke(Unknown Source)
	at sun.reflect.DelegatingMethodAccessorImpl.invoke(Unknown Source)
	at java.lang.reflect.Method.invoke(Unknown Source)
	at org.testng.internal.MethodInvocationHelper.invokeMethod(MethodInvocationHelper.java:86)
	at org.testng.internal.Invoker.invokeMethod(Invoker.java:643)
	at org.testng.internal.Invoker.invokeTestMethod(Invoker.java:820)
	at org.testng.internal.Invoker.invokeTestMethods(Invoker.java:1128)
	at org.testng.internal.TestMethodWorker.invokeTestMethods(TestMethodWorker.java:129)
	at org.testng.internal.TestMethodWorker.run(TestMethodWorker.java:112)
	at org.testng.TestRunner.privateRun(TestRunner.java:782)
	at org.testng.TestRunner.run(TestRunner.java:632)
	at org.testng.SuiteRunner.runTest(SuiteRunner.java:366)
	at org.testng.SuiteRunner.runSequentially(SuiteRunner.java:361)
	at org.testng.SuiteRunner.privateRun(SuiteRunner.java:319)
	at org.testng.SuiteRunner.run(SuiteRunner.java:268)
	at org.testng.SuiteRunnerWorker.runSuite(SuiteRunnerWorker.java:52)
	at org.testng.SuiteRunnerWorker.run(SuiteRunnerWorker.java:86)
	at org.testng.TestNG.runSuitesSequentially(TestNG.java:1244)
	at org.testng.TestNG.runSuitesLocally(TestNG.java:1169)
	at org.testng.TestNG.run(TestNG.java:1064)
	at org.testng.remote.AbstractRemoteTestNG.run(AbstractRemoteTestNG.java:114)
	at org.testng.remote.RemoteTestNG.initAndRun(RemoteTestNG.java:251)
	at org.testng.remote.RemoteTestNG.main(RemoteTestNG.java:77)
</pre></div></td>
<td>1</td>
<td>com.focus.testcases.DesignWorkFlowOptionsTest@6e0e048a</td></tr>
</table><p>
<table width='100%' border='1' class='invocation-passed'>
<tr><td colspan='4' align='center'><b>PASSED TESTS</b></td></tr>
<tr><td><b>Test method</b></td>
<td width="30%"><b>Exception</b></td>
<td width="10%"><b>Time (seconds)</b></td>
<td><b>Instance</b></td>
</tr>
<tr>
<td title='com.focus.testcases.DesignWorkFlowOptionsTest.checkLogin()'><b>checkLogin</b><br>Test class: com.focus.testcases.DesignWorkFlowOptionsTest<br/>
<a href="#Output-218688965" onClick='toggleBox("Output-218688965", this, "Show output", "Hide output");'>Show output</a>

<a href="#Output-218688965" onClick="toggleAllBoxes();">Show all outputs</a>
<div class='log' id="Output-218688965">
Completed executing following method : DesignWorkFlowOptionsTest.checkLogin<br/>
Test Method resides in com.focus.testcases.DesignWorkFlowOptionsTest<br/>
Test Status: Pass<br/>
About to begin executing following method : BaseEngine.afterMethodExecution<br/>
</div>
</td>
<td></td>
<td>17</td>
<td>com.focus.testcases.DesignWorkFlowOptionsTest@6e0e048a</td></tr>
<tr>
<td title='com.focus.testcases.URLBrowserTest.checkLoginPageTitleByURLInputInBrowser()'><b>checkLoginPageTitleByURLInputInBrowser</b><br>Test class: com.focus.testcases.URLBrowserTest<br/>
<a href="#Output-1306535359" onClick='toggleBox("Output-1306535359", this, "Show output", "Hide output");'>Show output</a>

<a href="#Output-1306535359" onClick="toggleAllBoxes();">Show all outputs</a>
<div class='log' id="Output-1306535359">
Completed executing following method : URLBrowserTest.checkLoginPageTitleByURLInputInBrowser<br/>
Test Method resides in com.focus.testcases.URLBrowserTest<br/>
Test Status: Pass<br/>
About to begin executing following method : BaseEngine.afterMethodExecution<br/>
</div>
</td>
<td></td>
<td>2</td>
<td>com.focus.testcases.URLBrowserTest@5b87ed94</td></tr>
<tr>
<td title='com.focus.testcases.DesignWorkFlowOptionsTest.checkLogout()'><b>checkLogout</b><br>Test class: com.focus.testcases.DesignWorkFlowOptionsTest<br/>
<a href="#Output-493519750" onClick='toggleBox("Output-493519750", this, "Show output", "Hide output");'>Show output</a>

<a href="#Output-493519750" onClick="toggleAllBoxes();">Show all outputs</a>
<div class='log' id="Output-493519750">
Completed executing following method : DesignWorkFlowOptionsTest.checkLogout<br/>
Test Method resides in com.focus.testcases.DesignWorkFlowOptionsTest<br/>
Test Status: Pass<br/>
About to begin executing following method : BaseEngine.afterMethodExecution<br/>
</div>
</td>
<td></td>
<td>2</td>
<td>com.focus.testcases.DesignWorkFlowOptionsTest@6e0e048a</td></tr>
<tr>
<td title='com.focus.testcases.URLBrowserTest.verifyBrowserOpen()'><b>verifyBrowserOpen</b><br>Test class: com.focus.testcases.URLBrowserTest<br/>
<a href="#Output-145066402" onClick='toggleBox("Output-145066402", this, "Show output", "Hide output");'>Show output</a>

<a href="#Output-145066402" onClick="toggleAllBoxes();">Show all outputs</a>
<div class='log' id="Output-145066402">
Completed executing following method : URLBrowserTest.verifyBrowserOpen<br/>
Test Method resides in com.focus.testcases.URLBrowserTest<br/>
Test Status: Pass<br/>
About to begin executing following method : BaseEngine.afterMethodExecution<br/>
</div>
</td>
<td></td>
<td>4</td>
<td>com.focus.testcases.URLBrowserTest@5b87ed94</td></tr>
</table><p>
</body>
</html>